<?xml version="1.0" encoding="UTF-8"?>
<!-- Generated by org.testng.reporters.JUnitReportReporter -->
<testsuite skipped="18" hostname="BDC8-D-6N6CH92" name="Voicezone.Main_Function" tests="19" failures="0" timestamp="12 Jan 2018 05:21:25 GMT" time="182.709" errors="0">
  <testcase name="CallBlockerBasicPlus" time="0.006" classname="Voicezone.Main_Function">
    <skipped/>
  </testcase> <!-- CallBlockerBasicPlus -->
  <testcase name="Nomorobo" time="0.002" classname="Voicezone.Main_Function">
    <skipped/>
  </testcase> <!-- Nomorobo -->
  <testcase name="OutBoundCallerid" time="0.002" classname="Voicezone.Main_Function">
    <skipped/>
  </testcase> <!-- OutBoundCallerid -->
  <testcase name="CallBlockerSelect" time="0.003" classname="Voicezone.Main_Function">
    <skipped/>
  </testcase> <!-- CallBlockerSelect -->
  <testcase name="SelectiveCallAcceptance" time="0.001" classname="Voicezone.Main_Function">
    <skipped/>
  </testcase> <!-- SelectiveCallAcceptance -->
  <testcase name="VoicemailTranscription" time="0.001" classname="Voicezone.Main_Function">
    <skipped/>
  </testcase> <!-- VoicemailTranscription -->
  <testcase name="NotifybyEmail" time="0.001" classname="Voicezone.Main_Function">
    <skipped/>
  </testcase> <!-- NotifybyEmail -->
  <testcase name="NotifybyText" time="0.002" classname="Voicezone.Main_Function">
    <skipped/>
  </testcase> <!-- NotifybyText -->
  <testcase name="PinChange" time="0.002" classname="Voicezone.Main_Function">
    <skipped/>
  </testcase> <!-- PinChange -->
  <testcase name="PinSkip" time="0.001" classname="Voicezone.Main_Function">
    <skipped/>
  </testcase> <!-- PinSkip -->
  <testcase name="AnswerAnywhere" time="0.002" classname="Voicezone.Main_Function">
    <skipped/>
  </testcase> <!-- AnswerAnywhere -->
  <testcase name="CallForwardingBusy" time="0.003" classname="Voicezone.Main_Function">
    <skipped/>
  </testcase> <!-- CallForwardingBusy -->
  <testcase name="CallForwardingNoAnswer" time="0.002" classname="Voicezone.Main_Function">
    <skipped/>
  </testcase> <!-- CallForwardingNoAnswer -->
  <testcase name="SelectiveCallForwarding" time="0.001" classname="Voicezone.Main_Function">
    <skipped/>
  </testcase> <!-- SelectiveCallForwarding -->
  <testcase name="CallForwardingUnconditional" time="0.001" classname="Voicezone.Main_Function">
    <skipped/>
  </testcase> <!-- CallForwardingUnconditional -->
  <testcase name="CallWaiting" time="0.001" classname="Voicezone.Main_Function">
    <skipped/>
  </testcase> <!-- CallWaiting -->
  <testcase name="DistinctiveRing" time="0.002" classname="Voicezone.Main_Function">
    <skipped/>
  </testcase> <!-- DistinctiveRing -->
  <testcase name="ThreeWayCalling" time="0.006" classname="Voicezone.Main_Function">
    <skipped/>
  </testcase> <!-- ThreeWayCalling -->
  <testcase name="SpeedDial" time="182.670" classname="Voicezone.Main_Function"/>
</testsuite> <!-- Voicezone.Main_Function -->
