<?xml version="1.0" encoding="UTF-8"?>
<!-- Generated by org.testng.reporters.JUnitReportReporter -->
<testsuite skipped="17" hostname="BDC8-DX-3Z9QX52" name="Voicezone.Main_Function" tests="19" failures="0" timestamp="22 Jan 2018 11:24:37 GMT" time="805.897" errors="0">
  <testcase name="CallBlockerSelect" time="704.884" classname="Voicezone.Main_Function"/>
  <testcase name="Nomorobo" time="100.979" classname="Voicezone.Main_Function"/>
  <testcase name="OutBoundCallerid" time="0.002" classname="Voicezone.Main_Function">
    <skipped/>
  </testcase> <!-- OutBoundCallerid -->
  <testcase name="CallBlockerBasicPlus" time="0.002" classname="Voicezone.Main_Function">
    <skipped/>
  </testcase> <!-- CallBlockerBasicPlus -->
  <testcase name="SelectiveCallAcceptance" time="0.001" classname="Voicezone.Main_Function">
    <skipped/>
  </testcase> <!-- SelectiveCallAcceptance -->
  <testcase name="VoicemailTranscription" time="0.003" classname="Voicezone.Main_Function">
    <skipped/>
  </testcase> <!-- VoicemailTranscription -->
  <testcase name="NotifybyEmail" time="0.001" classname="Voicezone.Main_Function">
    <skipped/>
  </testcase> <!-- NotifybyEmail -->
  <testcase name="NotifybyText" time="0.002" classname="Voicezone.Main_Function">
    <skipped/>
  </testcase> <!-- NotifybyText -->
  <testcase name="PinChange" time="0.002" classname="Voicezone.Main_Function">
    <skipped/>
  </testcase> <!-- PinChange -->
  <testcase name="PinSkip" time="0.001" classname="Voicezone.Main_Function">
    <skipped/>
  </testcase> <!-- PinSkip -->
  <testcase name="AnswerAnywhere" time="0.001" classname="Voicezone.Main_Function">
    <skipped/>
  </testcase> <!-- AnswerAnywhere -->
  <testcase name="CallForwardingBusy" time="0.001" classname="Voicezone.Main_Function">
    <skipped/>
  </testcase> <!-- CallForwardingBusy -->
  <testcase name="CallForwardingNoAnswer" time="0.002" classname="Voicezone.Main_Function">
    <skipped/>
  </testcase> <!-- CallForwardingNoAnswer -->
  <testcase name="SelectiveCallForwarding" time="0.001" classname="Voicezone.Main_Function">
    <skipped/>
  </testcase> <!-- SelectiveCallForwarding -->
  <testcase name="CallForwardingUnconditional" time="0.001" classname="Voicezone.Main_Function">
    <skipped/>
  </testcase> <!-- CallForwardingUnconditional -->
  <testcase name="CallWaiting" time="0.001" classname="Voicezone.Main_Function">
    <skipped/>
  </testcase> <!-- CallWaiting -->
  <testcase name="DistinctiveRing" time="0.001" classname="Voicezone.Main_Function">
    <skipped/>
  </testcase> <!-- DistinctiveRing -->
  <testcase name="ThreeWayCalling" time="0.002" classname="Voicezone.Main_Function">
    <skipped/>
  </testcase> <!-- ThreeWayCalling -->
  <testcase name="SpeedDial" time="0.010" classname="Voicezone.Main_Function">
    <skipped/>
  </testcase> <!-- SpeedDial -->
</testsuite> <!-- Voicezone.Main_Function -->
