<?xml version="1.0" encoding="UTF-8"?>
<!-- Generated by org.testng.reporters.JUnitReportReporter -->
<testsuite hostname="BDC6-D-429SWPQ" name="ApolloNew.PPOH_ABF_Premium_test" tests="1" failures="0" timestamp="14 May 2015 12:05:45 GMT" time="75.347" errors="0">
  <testcase name="CF_001" time="75.347" classname="ApolloNew.PPOH_ABF_Premium_test"/>
</testsuite> <!-- ApolloNew.PPOH_ABF_Premium_test -->
